<?xml version="1.0" encoding="UTF-8" standalone="yes" ?>
<test-results name="P:\stagesi\Prog\Win32\Debug\Project2.exe" total="1" errors="1" failures="0" ignored="0" inconclusive="0" not-run="0" skipped="0" invalid="0" date="2016-04-25" time="0.008">
  <culture-info current-culture="en" current-uiculture="en" />
  <test-suite type="Assembly" name="Project2.exe" executed="true" result="Failure" success="False" time="0.008" asserts="0">
    <results>
        <test-suite type="Namespace" name="Unit2" executed="true" result="Success" success="True" time="0.003" asserts="0" >
          <results>
              <test-suite type="Fixture" name="TTestUserTab" executed="True" result="Success" success="True" time="0.003" >
                <results>
                  <test-case name="TestResetClick" executed="True" result="Error" success="False" time="0.000" asserts="0" >
                    <failure>
                      <message>
                        <![CDATA[ Violation d'accès à l'adresse 0040478D dans le module 'Project2.exe'. Lecture de l'adresse 000003D0 ]]>
                      </message>
                      <stack-trace>
                        <![CDATA[  ]]>
                      </stack-trace>
                    </failure>
                  </test-case>
                </results>
              </test-suite>
          </results>
        </test-suite>
    </results>
  </test-suite>
</test-results>
